

HI-TECH Software PIC LITE Macro Assembler V9.82 build 9453 
                                                                                               Tue Dec 10 19:56:18 2019

HI-TECH Software Omniscient Code Generator (Lite mode) build 9453
     1  0000                     opt subtitle "HI-TECH Software Omniscient Code Generator (Lite mode) build 9453"
     2                           
     3                           opt pagewidth 120
     4                           
     5                           	opt lm
     6                           
     7                           	processor	16F877A
     8                           clrc	macro
     9                           	bcf	3,0
    10  0000                     	endm
    11                           clrz	macro
    12                           	bcf	3,2
    13  0000                     	endm
    14                           setc	macro
    15                           	bsf	3,0
    16  0000                     	endm
    17                           setz	macro
    18                           	bsf	3,2
    19  0000                     	endm
    20                           skipc	macro
    21                           	btfss	3,0
    22  0000                     	endm
    23                           skipz	macro
    24                           	btfss	3,2
    25  0000                     	endm
    26                           skipnc	macro
    27                           	btfsc	3,0
    28  0000                     	endm
    29                           skipnz	macro
    30                           	btfsc	3,2
    31  0000                     	endm
    32  0000                     indf	equ	0
    33  0000                     indf0	equ	0
    34  0002                     pc	equ	2
    35  0002                     pcl	equ	2
    36  0003                     status	equ	3
    37  0004                     fsr	equ	4
    38  0004                     fsr0	equ	4
    39  0001                     c	equ	1
    40  0000                     z	equ	0
    41  000A                     pclath	equ	10
    42                           	FNCALL	_main,_delay_10ms
    43                           	FNROOT	_main
    44                           	global	_TMR0
    45                           psect	text76,local,class=CODE,delta=2
    46                           global __ptext76
    47  0000                     __ptext76:
    48  0001                     _TMR0	set	1
    49                           	global	_CARRY
    50  0018                     _CARRY	set	24
    51                           	global	_GIE
    52  005F                     _GIE	set	95
    53                           	global	_RC4
    54  003C                     _RC4	set	60
    55                           	global	_RC5
    56  003D                     _RC5	set	61
    57                           	global	_RD2
    58  0042                     _RD2	set	66
    59                           	global	_RD3
    60  0043                     _RD3	set	67
    61                           	global	_T0IF
    62  005A                     _T0IF	set	90
    63                           	global	_OPTION_REG
    64  0081                     _OPTION_REG	set	129
    65                           	global	_TRISD
    66  0088                     _TRISD	set	136
    67                           	global	_TRISC4
    68  043C                     _TRISC4	set	1084
    69                           	global	_TRISC5
    70  043D                     _TRISC5	set	1085
    71                           	global	_EEADR
    72  010D                     _EEADR	set	269
    73                           	global	_EEDATA
    74  010C                     _EEDATA	set	268
    75                           	global	_EECON1
    76  018C                     _EECON1	set	396
    77                           	global	_EECON2
    78  018D                     _EECON2	set	397
    79                           	global	_RD
    80  0C60                     _RD	set	3168
    81                           	global	_WR
    82  0C61                     _WR	set	3169
    83                           	global	_WREN
    84  0C62                     _WREN	set	3170
    85                           	file	"Project.as"
    86                           	line	#
    87                           psect cinit,class=CODE,delta=2
    88                           global start_initialization
    89  0793                     start_initialization:
    90                           
    91                           psect cinit,class=CODE,delta=2
    92                           global end_of_initialization
    93                           
    94                           ;End of C runtime variable initialization code
    95                           
    96  0793                     end_of_initialization:
    97  0793  0183               clrf status
    98  0794  120A  118A  2FBB   ljmp _main	;jump to C main() function
    99                           psect	cstackCOMMON,class=COMMON,space=1
   100                           global __pcstackCOMMON
   101  0070                     __pcstackCOMMON:
   102                           	global	?_delay_10ms
   103  0070                     ?_delay_10ms:	; 0 bytes @ 0x0
   104                           	global	?_main
   105  0070                     ?_main:	; 0 bytes @ 0x0
   106                           	global	delay_10ms@n
   107  0070                     delay_10ms@n:	; 2 bytes @ 0x0
   108  0070                     	ds	2
   109                           	global	??_delay_10ms
   110  0072                     ??_delay_10ms:	; 0 bytes @ 0x2
   111                           	global	delay_10ms@i
   112  0072                     delay_10ms@i:	; 2 bytes @ 0x2
   113  0072                     	ds	2
   114                           	global	??_main
   115  0074                     ??_main:	; 0 bytes @ 0x4
   116 ;;Data sizes: Strings 0, constant 0, data 0, bss 0, persistent 0 stack 0
   117 ;;Auto spaces:   Size  Autos    Used
   118 ;; COMMON          14      4       4
   119 ;; BANK0           80      0       0
   120 ;; BANK1           80      0       0
   121 ;; BANK3           96      0       0
   122 ;; BANK2           96      0       0
   123                           
   124 ;;
   125 ;; Pointer list with targets:
   126                           
   127                           
   128                           
   129 ;;
   130 ;; Critical Paths under _main in COMMON
   131 ;;
   132 ;;   _main->_delay_10ms
   133 ;;
   134 ;; Critical Paths under _main in BANK0
   135 ;;
   136 ;;   None.
   137 ;;
   138 ;; Critical Paths under _main in BANK1
   139 ;;
   140 ;;   None.
   141 ;;
   142 ;; Critical Paths under _main in BANK3
   143 ;;
   144 ;;   None.
   145 ;;
   146 ;; Critical Paths under _main in BANK2
   147 ;;
   148 ;;   None.
   149                           
   150 ;;
   151 ;;Main: autosize = 0, tempsize = 0, incstack = 0, save=0
   152 ;;
   153                           
   154 ;;
   155 ;;Call Graph Tables:
   156 ;;
   157 ;; ---------------------------------------------------------------------------------
   158 ;; (Depth) Function   	        Calls       Base Space   Used Autos Params    Refs
   159 ;; ---------------------------------------------------------------------------------
   160 ;; (0) _main                                                 0     0      0      30
   161 ;;                         _delay_10ms
   162 ;; ---------------------------------------------------------------------------------
   163 ;; (1) _delay_10ms                                           4     2      2      30
   164 ;;                                              0 COMMON     4     2      2
   165 ;; ---------------------------------------------------------------------------------
   166 ;; Estimated maximum stack depth 1
   167 ;; ---------------------------------------------------------------------------------
   168                           
   169 ;; Call Graph Graphs:
   170                           
   171 ;; _main (ROOT)
   172 ;;   _delay_10ms
   173 ;;
   174                           
   175 ;; Address spaces:
   176                           
   177 ;;Name               Size   Autos  Total    Cost      Usage
   178 ;;BITCOMMON            E      0       0       0        0.0%
   179 ;;EEDATA             100      0       0       0        0.0%
   180 ;;NULL                 0      0       0       0        0.0%
   181 ;;CODE                 0      0       0       0        0.0%
   182 ;;COMMON               E      4       4       1       28.6%
   183 ;;BITSFR0              0      0       0       1        0.0%
   184 ;;SFR0                 0      0       0       1        0.0%
   185 ;;BITSFR1              0      0       0       2        0.0%
   186 ;;SFR1                 0      0       0       2        0.0%
   187 ;;STACK                0      0       1       2        0.0%
   188 ;;ABS                  0      0       0       3        0.0%
   189 ;;BITBANK0            50      0       0       4        0.0%
   190 ;;BITSFR3              0      0       0       4        0.0%
   191 ;;SFR3                 0      0       0       4        0.0%
   192 ;;BANK0               50      0       0       5        0.0%
   193 ;;BITSFR2              0      0       0       5        0.0%
   194 ;;SFR2                 0      0       0       5        0.0%
   195 ;;BITBANK1            50      0       0       6        0.0%
   196 ;;BANK1               50      0       0       7        0.0%
   197 ;;BITBANK3            60      0       0       8        0.0%
   198 ;;BANK3               60      0       0       9        0.0%
   199 ;;BITBANK2            60      0       0      10        0.0%
   200 ;;BANK2               60      0       0      11        0.0%
   201 ;;DATA                 0      0       0      12        0.0%
   202                           
   203                           	global	_main
   204                           psect	maintext,global,class=CODE,delta=2
   205                           global __pmaintext
   206  07BB                     __pmaintext:
   207                           
   208 ;; *************** function _main *****************
   209 ;; Defined at:
   210 ;;		line 8 in file "E:\#Programming\Electronics\MPLAB\PIC_ObsAvoCar\m1_MinSystem\test1.c"
   211 ;; Parameters:    Size  Location     Type
   212 ;;		None
   213 ;; Auto vars:     Size  Location     Type
   214 ;;		None
   215 ;; Return value:  Size  Location     Type
   216 ;;		None               void
   217 ;; Registers used:
   218 ;;		wreg, status,2, status,0, pclath, cstack
   219 ;; Tracked objects:
   220 ;;		On entry : 17F/0
   221 ;;		On exit  : 0/0
   222 ;;		Unchanged: 0/0
   223 ;; Data sizes:     COMMON   BANK0   BANK1   BANK3   BANK2
   224 ;;      Params:         0       0       0       0       0
   225 ;;      Locals:         0       0       0       0       0
   226 ;;      Temps:          0       0       0       0       0
   227 ;;      Totals:         0       0       0       0       0
   228 ;;Total ram usage:        0 bytes
   229 ;; Hardware stack levels required when called:    1
   230 ;; This function calls:
   231 ;;		_delay_10ms
   232 ;; This function is called by:
   233 ;;		Startup code after reset
   234 ;; This function uses a non-reentrant model
   235 ;;
   236                           psect	maintext
   237                           	file	"E:\#Programming\Electronics\MPLAB\PIC_ObsAvoCar\m1_MinSystem\test1.c"
   238                           	line	8
   239                           	global	__size_of_main
   240  0045                     	__size_of_main	equ	__end_of_main-_main
   241                           	
   242  07BB                     _main:	
   243                           	opt	stack 7
   244                           ; Regs used in _main: [wreg+status,2+status,0+pclath+cstack]
   245                           	line	9
   246                           	
   247  07BB                     l2614:	
   248                           ;test1.c: 9: TRISD = 0;
   249  07BB  1683               	bsf	status, 5	;RP0=1, select bank1
   250  07BC  1303               	bcf	status, 6	;RP1=0, select bank1
   251  07BD  0188               	clrf	(136)^080h	;volatile
   252                           	line	10
   253                           	
   254  07BE                     l2616:	
   255                           ;test1.c: 10: TRISC4 = 0;
   256  07BE  1207               	bcf	(1084/8)^080h,(1084)&7
   257                           	line	11
   258                           	
   259  07BF                     l2618:	
   260                           ;test1.c: 11: TRISC5 = 0;
   261  07BF  1287               	bcf	(1085/8)^080h,(1085)&7
   262                           	line	12
   263                           	
   264  07C0                     l2620:	
   265                           ;test1.c: 12: RD2 = 0;
   266  07C0  1283               	bcf	status, 5	;RP0=0, select bank0
   267  07C1  1303               	bcf	status, 6	;RP1=0, select bank0
   268  07C2  1108               	bcf	(66/8),(66)&7
   269                           	line	13
   270                           	
   271  07C3                     l2622:	
   272                           ;test1.c: 13: RD3 = 0;
   273  07C3  1188               	bcf	(67/8),(67)&7
   274                           	line	14
   275                           	
   276  07C4                     l2624:	
   277                           ;test1.c: 14: RC4 = 0;
   278  07C4  1207               	bcf	(60/8),(60)&7
   279                           	line	15
   280                           	
   281  07C5                     l2626:	
   282                           ;test1.c: 15: RC5 = 0;
   283  07C5  1287               	bcf	(61/8),(61)&7
   284  07C6  2FC7               	goto	l2628
   285                           	line	17
   286                           ;test1.c: 17: while(1) {
   287                           	
   288  07C7                     l687:	
   289                           	line	18
   290                           	
   291  07C7                     l2628:	
   292                           ;test1.c: 18: delay_10ms(200);
   293  07C7  30C8               	movlw	low(0C8h)
   294  07C8  00F0               	movwf	(?_delay_10ms)
   295  07C9  3000               	movlw	high(0C8h)
   296  07CA  00F1               	movwf	((?_delay_10ms))+1
   297  07CB  120A  118A  2797   	fcall	_delay_10ms
              120A  118A         
   298                           	line	19
   299                           	
   300  07D0                     l2630:	
   301                           ;test1.c: 19: RD2 = 1;
   302  07D0  1283               	bcf	status, 5	;RP0=0, select bank0
   303  07D1  1303               	bcf	status, 6	;RP1=0, select bank0
   304  07D2  1508               	bsf	(66/8),(66)&7
   305                           	line	20
   306                           	
   307  07D3                     l2632:	
   308                           ;test1.c: 20: RD3 = 0;
   309  07D3  1188               	bcf	(67/8),(67)&7
   310                           	line	21
   311                           	
   312  07D4                     l2634:	
   313                           ;test1.c: 21: delay_10ms(200);
   314  07D4  30C8               	movlw	low(0C8h)
   315  07D5  00F0               	movwf	(?_delay_10ms)
   316  07D6  3000               	movlw	high(0C8h)
   317  07D7  00F1               	movwf	((?_delay_10ms))+1
   318  07D8  120A  118A  2797   	fcall	_delay_10ms
              120A  118A         
   319                           	line	22
   320                           	
   321  07DD                     l2636:	
   322                           ;test1.c: 22: RD2 = 0;
   323  07DD  1283               	bcf	status, 5	;RP0=0, select bank0
   324  07DE  1303               	bcf	status, 6	;RP1=0, select bank0
   325  07DF  1108               	bcf	(66/8),(66)&7
   326                           	line	23
   327                           	
   328  07E0                     l2638:	
   329                           ;test1.c: 23: RD3 = 0;
   330  07E0  1188               	bcf	(67/8),(67)&7
   331                           	line	24
   332                           	
   333  07E1                     l2640:	
   334                           ;test1.c: 24: delay_10ms(200);
   335  07E1  30C8               	movlw	low(0C8h)
   336  07E2  00F0               	movwf	(?_delay_10ms)
   337  07E3  3000               	movlw	high(0C8h)
   338  07E4  00F1               	movwf	((?_delay_10ms))+1
   339  07E5  120A  118A  2797   	fcall	_delay_10ms
              120A  118A         
   340                           	line	25
   341                           	
   342  07EA                     l2642:	
   343                           ;test1.c: 25: RC4 = 1;
   344  07EA  1283               	bcf	status, 5	;RP0=0, select bank0
   345  07EB  1303               	bcf	status, 6	;RP1=0, select bank0
   346  07EC  1607               	bsf	(60/8),(60)&7
   347                           	line	26
   348                           	
   349  07ED                     l2644:	
   350                           ;test1.c: 26: RC5 = 0;
   351  07ED  1287               	bcf	(61/8),(61)&7
   352                           	line	27
   353                           	
   354  07EE                     l2646:	
   355                           ;test1.c: 27: delay_10ms(200);
   356  07EE  30C8               	movlw	low(0C8h)
   357  07EF  00F0               	movwf	(?_delay_10ms)
   358  07F0  3000               	movlw	high(0C8h)
   359  07F1  00F1               	movwf	((?_delay_10ms))+1
   360  07F2  120A  118A  2797   	fcall	_delay_10ms
              120A  118A         
   361                           	line	28
   362                           	
   363  07F7                     l2648:	
   364                           ;test1.c: 28: RC4 = 0;
   365  07F7  1283               	bcf	status, 5	;RP0=0, select bank0
   366  07F8  1303               	bcf	status, 6	;RP1=0, select bank0
   367  07F9  1207               	bcf	(60/8),(60)&7
   368                           	line	29
   369                           	
   370  07FA                     l2650:	
   371                           ;test1.c: 29: RC5 = 0;
   372  07FA  1287               	bcf	(61/8),(61)&7
   373  07FB  2FC7               	goto	l2628
   374                           	line	31
   375                           	
   376  07FC                     l688:	
   377                           	line	17
   378  07FC  2FC7               	goto	l2628
   379                           	
   380  07FD                     l689:	
   381                           	line	33
   382                           	
   383  07FD                     l690:	
   384                           	global	start
   385  07FD  120A  118A  2800   	ljmp	start
   386                           	opt stack 0
   387                           GLOBAL	__end_of_main
   388  0800                     	__end_of_main:
   389 ;; =============== function _main ends ============
   390                           
   391                           	signat	_main,88
   392                           	global	_delay_10ms
   393                           psect	text77,local,class=CODE,delta=2
   394                           global __ptext77
   395  0797                     __ptext77:
   396                           
   397 ;; *************** function _delay_10ms *****************
   398 ;; Defined at:
   399 ;;		line 35 in file "E:\#Programming\Electronics\MPLAB\PIC_ObsAvoCar\m1_MinSystem\test1.c"
   400 ;; Parameters:    Size  Location     Type
   401 ;;  n               2    0[COMMON] unsigned int 
   402 ;; Auto vars:     Size  Location     Type
   403 ;;  i               2    2[COMMON] unsigned int 
   404 ;; Return value:  Size  Location     Type
   405 ;;		None               void
   406 ;; Registers used:
   407 ;;		wreg, status,2
   408 ;; Tracked objects:
   409 ;;		On entry : 0/0
   410 ;;		On exit  : 0/0
   411 ;;		Unchanged: 0/0
   412 ;; Data sizes:     COMMON   BANK0   BANK1   BANK3   BANK2
   413 ;;      Params:         2       0       0       0       0
   414 ;;      Locals:         2       0       0       0       0
   415 ;;      Temps:          0       0       0       0       0
   416 ;;      Totals:         4       0       0       0       0
   417 ;;Total ram usage:        4 bytes
   418 ;; Hardware stack levels used:    1
   419 ;; This function calls:
   420 ;;		Nothing
   421 ;; This function is called by:
   422 ;;		_main
   423 ;; This function uses a non-reentrant model
   424 ;;
   425                           psect	text77
   426                           	file	"E:\#Programming\Electronics\MPLAB\PIC_ObsAvoCar\m1_MinSystem\test1.c"
   427                           	line	35
   428                           	global	__size_of_delay_10ms
   429  0024                     	__size_of_delay_10ms	equ	__end_of_delay_10ms-_delay_10ms
   430                           	
   431  0797                     _delay_10ms:	
   432                           	opt	stack 7
   433                           ; Regs used in _delay_10ms: [wreg+status,2]
   434                           	line	37
   435                           	
   436  0797                     l1746:	
   437                           ;test1.c: 36: unsigned int i;
   438                           ;test1.c: 37: OPTION_REG = 0x07;
   439  0797  3007               	movlw	(07h)
   440  0798  1683               	bsf	status, 5	;RP0=1, select bank1
   441  0799  1303               	bcf	status, 6	;RP1=0, select bank1
   442  079A  0081               	movwf	(129)^080h	;volatile
   443                           	line	38
   444                           	
   445  079B                     l1748:	
   446                           ;test1.c: 38: T0IF = 0;
   447  079B  110B               	bcf	(90/8),(90)&7
   448                           	line	40
   449                           	
   450  079C                     l1750:	
   451                           ;test1.c: 40: for (i=0; i<n; i++) {
   452  079C  01F2               	clrf	(delay_10ms@i)
   453  079D  01F3               	clrf	(delay_10ms@i+1)
   454  079E  2FAF               	goto	l693
   455                           	
   456  079F                     l694:	
   457                           	line	41
   458                           	
   459  079F                     l1752:	
   460                           ;test1.c: 41: TMR0 = 148;
   461  079F  3094               	movlw	(094h)
   462  07A0  1283               	bcf	status, 5	;RP0=0, select bank0
   463  07A1  1303               	bcf	status, 6	;RP1=0, select bank0
   464  07A2  0081               	movwf	(1)	;volatile
   465                           	line	42
   466                           ;test1.c: 42: while(!T0IF);
   467  07A3  2FA4               	goto	l695
   468                           	
   469  07A4                     l696:	
   470                           	
   471  07A4                     l695:	
   472  07A4  1D0B               	btfss	(90/8),(90)&7
   473  07A5  2FA7               	goto	u11
   474  07A6  2FA8               	goto	u10
   475  07A7                     u11:
   476  07A7  2FA4               	goto	l695
   477  07A8                     u10:
   478                           	
   479  07A8                     l697:	
   480                           	line	43
   481                           ;test1.c: 43: T0IF = 0;
   482  07A8  110B               	bcf	(90/8),(90)&7
   483                           	line	40
   484                           	
   485  07A9                     l1754:	
   486  07A9  3001               	movlw	low(01h)
   487  07AA  07F2               	addwf	(delay_10ms@i),f
   488  07AB  1803               	skipnc
   489  07AC  0AF3               	incf	(delay_10ms@i+1),f
   490  07AD  3000               	movlw	high(01h)
   491  07AE  07F3               	addwf	(delay_10ms@i+1),f
   492                           	
   493  07AF                     l693:	
   494  07AF  0871               	movf	(delay_10ms@n+1),w
   495  07B0  0273               	subwf	(delay_10ms@i+1),w
   496  07B1  1D03               	skipz
   497  07B2  2FB5               	goto	u25
   498  07B3  0870               	movf	(delay_10ms@n),w
   499  07B4  0272               	subwf	(delay_10ms@i),w
   500  07B5                     u25:
   501  07B5  1C03               	skipc
   502  07B6  2FB8               	goto	u21
   503  07B7  2FB9               	goto	u20
   504  07B8                     u21:
   505  07B8  2F9F               	goto	l1752
   506  07B9                     u20:
   507  07B9  2FBA               	goto	l699
   508                           	
   509  07BA                     l698:	
   510                           	line	45
   511                           	
   512  07BA                     l699:	
   513  07BA  0008               	return
   514                           	opt stack 0
   515                           GLOBAL	__end_of_delay_10ms
   516  07BB                     	__end_of_delay_10ms:
   517 ;; =============== function _delay_10ms ends ============
   518                           
   519                           	signat	_delay_10ms,4216
   520                           psect	text78,local,class=CODE,delta=2
   521                           global __ptext78
   522  0000                     __ptext78:
   523                           	global	btemp
   524  007E                     	btemp set 07Eh
   525                           
   526                           	DABS	1,126,2	;btemp
   527                           	global	wtemp0
   528  007E                     	wtemp0 set btemp


HI-TECH Software PICC Macro Assembler V9.82 build 9453 
Symbol Table                                                                                   Tue Dec 10 19:56:18 2019

                  _RD 0C60                    u10 07A8                    u11 07A7                    u20 07B9  
                  u21 07B8                    u25 07B5                    _WR 0C61                   l690 07FD  
                 l693 07AF                   l694 079F                   l695 07A4                   l687 07C7  
                 l696 07A4                   l688 07FC                   l697 07A8                   l689 07FD  
                 l698 07BA                   l699 07BA                   _GIE 005F                   _RD2 0042  
                 _RC4 003C                   _RD3 0043                   _RC5 003D                  l2620 07C0  
                l1750 079C                  l2630 07D0                  l2622 07C3                  l2614 07BB  
                l1752 079F                  l2640 07E1                  l2632 07D3                  l2624 07C4  
                l2616 07BE                  l1754 07A9                  l1746 0797                  l2650 07FA  
                l2642 07EA                  l2634 07D4                  l2626 07C5                  l2618 07BF  
                l1748 079B                  l2644 07ED                  l2636 07DD                  l2628 07C7  
                l2646 07EE                  l2638 07E0                  l2648 07F7                  _T0IF 005A  
                _TMR0 0001                  _WREN 0C62                  _main 07BB                  btemp 007E  
                start 0000                 ?_main 0070                 _EEADR 010D                 _CARRY 0018  
               _TRISD 0088                 status 0003                 wtemp0 007E          __end_of_main 0800  
              ??_main 0074                _EEDATA 010C                _EECON1 018C                _EECON2 018D  
              _TRISC4 043C                _TRISC5 043D        __pcstackCOMMON 0070            _delay_10ms 0797  
          __pmaintext 07BB  end_of_initialization 0793           ?_delay_10ms 0070   __size_of_delay_10ms 0024  
 start_initialization 0793          ??_delay_10ms 0072    __end_of_delay_10ms 07BB              __ptext76 0000  
            __ptext77 0797              __ptext78 0000           delay_10ms@i 0072           delay_10ms@n 0070  
       __size_of_main 0045            _OPTION_REG 0081  
